2025-11-28 15:34:52,848 INFO: Download completed for ['AAPL', 'MSFT', 'TSLA', 'AMZN'] in 3.746s
2025-11-28 15:34:52,849 INFO: Raw row counts per ticker: {'AAPL': 1258, 'MSFT': 1258, 'TSLA': 1258, 'AMZN': 1258}
2025-11-28 15:34:52,891 INFO: Processing (monthly stats for 2024) completed in 0.042s
2025-11-28 15:34:52,892 INFO: Rows in 2024 used per ticker: {'AAPL':252, 'MSFT':252, 'TSLA':252, 'AMZN':252}
2025-11-28 15:34:52,894 INFO: Aggregation (combined monthly stats) completed in 0.002s
2025-11-28 15:34:52,894 INFO: Combined aggregated rows: 48
2025-11-28 15:34:52,894 INFO: Total script elapsed time: 3.793s (download 3.746s, processing 0.042s, aggregation 0.002s)
2025-11-28 15:34:52,894 INFO: Total raw rows processed: 5032, total 2024 rows used: 1008, total aggregated rows: 48
2025-11-28 15:34:52,908 INFO: Combined monthly CSV written to: D:\1 Study Material\Semester - 6\Big data\Project\Big-Data-\combined_monthly_2024.csv
2025-11-28 16:30:30,866 INFO: Script start: logging initialized. Log file: d:\1 Study Material\Semester - 6\Big data\Project\Big-Data-\FinancialData.log
2025-11-28 16:31:06,543 INFO: Script start: logging initialized. Log file: d:\1 Study Material\Semester - 6\Big data\Project\Big-Data-\FinancialData.log
2025-11-28 16:32:24,842 INFO: Script start: logging initialized. Log file: D:\1 Study Material\Semester - 6\Big data\Project\Big-Data-\FinancialData.log
2025-11-28 16:32:24,843 INFO: SP500 mode enabled — fetching S&P 500 symbols
2025-11-28 16:32:25,385 INFO: Loaded 503 S&P 500 symbols (sample: ['MMM', 'AOS', 'ABT', 'ABBV', 'ACN', 'ADBE'])
2025-11-28 16:32:25,385 INFO: Downloading chunk 1 (100 tickers)
2025-11-28 16:32:34,977 INFO: Downloading chunk 2 (100 tickers)
2025-11-28 16:32:37,913 INFO: Downloading chunk 3 (100 tickers)
2025-11-28 16:32:42,291 INFO: Downloading chunk 4 (100 tickers)
2025-11-28 16:32:45,943 INFO: Downloading chunk 5 (100 tickers)
2025-11-28 16:32:47,319 ERROR: HTTP Error 404: {"quoteSummary":{"result":null,"error":{"code":"Not Found","description":"Quote not found for symbol: WBA"}}}
2025-11-28 16:32:52,418 ERROR: 
1 Failed download:
2025-11-28 16:32:52,419 ERROR: ['WBA']: YFTzMissingError('possibly delisted; no timezone found')
2025-11-28 16:32:52,557 INFO: Downloading chunk 6 (3 tickers)
2025-11-28 16:32:52,870 INFO: Download completed for 503 tickers in 27.485s
2025-11-28 16:32:52,871 INFO: Raw row counts (sample 10): {'MMM': 1258, 'AOS': 1258, 'ABT': 1258, 'ABBV': 1258, 'ACN': 1258, 'ADBE': 1258, 'AMD': 1258, 'AES': 1258, 'AFL': 1258, 'A': 1258}
2025-11-28 16:32:54,524 INFO: Processing (monthly stats for 2024) for S&P500 completed in 1.653s
2025-11-28 16:32:54,524 INFO: Rows in 2024 used (sample 10): {'MMM': 252, 'AOS': 252, 'ABT': 252, 'ABBV': 252, 'ACN': 252, 'ADBE': 252, 'AMD': 252, 'AES': 252, 'AFL': 252, 'A': 252}
2025-11-28 16:32:54,537 INFO: Aggregation completed in 0.012s, combined rows: 6036
2025-11-28 16:32:54,537 INFO: Total S&P500 script elapsed time: 29.694s (download 27.485s, processing 1.653s, aggregation 0.012s)
2025-11-28 16:32:54,537 INFO: Total raw rows processed: 632774, total 2024 rows used: 126756, total aggregated rows: 6036
2025-11-28 16:32:54,561 INFO: Combined monthly CSV written to: D:\1 Study Material\Semester - 6\Big data\Project\Big-Data-\combined_monthly_sp500_2024.csv
2025-11-28 16:34:14,215 INFO: Script start: logging initialized. Log file: D:\1 Study Material\Semester - 6\Big data\Project\Big-Data-\FinancialData.log
2025-11-28 16:34:14,216 INFO: SP500 mode enabled — fetching S&P 500 symbols
2025-11-28 16:34:14,560 INFO: Loaded 503 S&P 500 symbols (sample: ['MMM', 'AOS', 'ABT', 'ABBV', 'ACN', 'ADBE'])
2025-11-28 16:34:14,561 INFO: Downloading chunk 1 (100 tickers)
2025-11-28 16:34:18,319 INFO: Downloading chunk 2 (100 tickers)
2025-11-28 16:34:21,795 INFO: Downloading chunk 3 (100 tickers)
2025-11-28 16:34:25,817 INFO: Downloading chunk 4 (100 tickers)
2025-11-28 16:34:28,955 INFO: Downloading chunk 5 (100 tickers)
2025-11-28 16:34:30,254 ERROR: HTTP Error 404: {"quoteSummary":{"result":null,"error":{"code":"Not Found","description":"Quote not found for symbol: WBA"}}}
2025-11-28 16:34:32,315 ERROR: 
1 Failed download:
2025-11-28 16:34:32,315 ERROR: ['WBA']: YFTzMissingError('possibly delisted; no timezone found')
2025-11-28 16:34:32,448 INFO: Downloading chunk 6 (3 tickers)
2025-11-28 16:34:32,815 INFO: Download completed for 503 tickers in 18.254s
2025-11-28 16:34:32,816 INFO: Raw row counts (sample 10): {'MMM': 1258, 'AOS': 1258, 'ABT': 1258, 'ABBV': 1258, 'ACN': 1258, 'ADBE': 1258, 'AMD': 1258, 'AES': 1258, 'AFL': 1258, 'A': 1258}
2025-11-28 16:34:34,367 INFO: Processing (monthly stats for 2024) for S&P500 completed in 1.551s
2025-11-28 16:34:34,367 INFO: Rows in 2024 used (sample 10): {'MMM': 252, 'AOS': 252, 'ABT': 252, 'ABBV': 252, 'ACN': 252, 'ADBE': 252, 'AMD': 252, 'AES': 252, 'AFL': 252, 'A': 252}
2025-11-28 16:34:34,379 INFO: Aggregation completed in 0.011s, combined rows: 6036
2025-11-28 16:34:34,379 INFO: Total S&P500 script elapsed time: 20.163s (download 18.254s, processing 1.551s, aggregation 0.011s)
2025-11-28 16:34:34,379 INFO: Total raw rows processed: 632774, total 2024 rows used: 126756, total aggregated rows: 6036
2025-11-28 16:34:34,405 INFO: Combined monthly CSV written to: D:\1 Study Material\Semester - 6\Big data\Project\Big-Data-\combined_monthly_sp500_2024.csv
2025-11-28 16:39:58,131 INFO: Logging initialized. Log file: d:\1 Study Material\Semester - 6\Big data\Project\Big-Data-\FinancialData.log
2025-11-28 16:40:40,736 INFO: Logging initialized. Log file: D:\1 Study Material\Semester - 6\Big data\Project\Big-Data-\FinancialData.log
2025-11-28 16:40:40,738 INFO: SP500 mode enabled — fetching S&P 500 symbols
2025-11-28 16:40:41,210 INFO: Loaded 503 symbols (sample: ['MMM', 'AOS', 'ABT', 'ABBV', 'ACN', 'ADBE'])
2025-11-28 16:40:41,210 INFO: Downloading chunk 1 (100 tickers)...
2025-11-28 16:40:44,222 INFO: Downloading chunk 2 (100 tickers)...
2025-11-28 16:40:46,959 INFO: Downloading chunk 3 (100 tickers)...
2025-11-28 16:40:50,154 INFO: Downloading chunk 4 (100 tickers)...
2025-11-28 16:40:53,239 INFO: Downloading chunk 5 (100 tickers)...
2025-11-28 16:40:54,179 ERROR: HTTP Error 404: {"quoteSummary":{"result":null,"error":{"code":"Not Found","description":"Quote not found for symbol: WBA"}}}
2025-11-28 16:40:56,088 ERROR: 
1 Failed download:
2025-11-28 16:40:56,088 ERROR: ['WBA']: YFTzMissingError('possibly delisted; no timezone found')
2025-11-28 16:40:56,231 INFO: Downloading chunk 6 (3 tickers)...
2025-11-28 16:41:06,254 ERROR: 
1 Failed download:
2025-11-28 16:41:06,254 ERROR: ['ZTS']: Timeout('Failed to perform, curl: (28) Connection timed out after 10005 milliseconds. See https://curl.se/libcurl/c/libcurl-errors.html first for more details.')
2025-11-28 16:41:06,261 INFO: Download completed for 503 tickers in 25.051s
2025-11-28 16:41:06,262 INFO: Raw row counts (sample 10): {'MMM': 1258, 'AOS': 1258, 'ABT': 1258, 'ABBV': 1258, 'ACN': 1258, 'ADBE': 1258, 'AMD': 1258, 'AES': 1258, 'AFL': 1258, 'A': 1258}
2025-11-28 16:41:08,442 INFO: Processing (monthly stats for 2024) completed in 2.180s
2025-11-28 16:41:08,458 INFO: Aggregation completed in 0.015s; combined rows: 6036
2025-11-28 16:41:08,458 INFO: Total elapsed: 27.721s (download 25.051s, processing 2.180s, aggregation 0.015s)
2025-11-28 16:41:08,458 INFO: Counts - raw: 632774, rows_2024: 126756, aggregated: 6036
2025-11-28 16:41:08,490 INFO: Saved combined CSV to D:\1 Study Material\Semester - 6\Big data\Project\Big-Data-\combined_monthly_sp500_2024.csv
2025-12-30 18:13:29,629 INFO: Logging initialized. Log file: d:\1 Study Material\Semester - 6\Big data\Project\Big-Data-\FinancialData.log
2025-12-30 18:14:25,305 INFO: Logging initialized. Log file: d:\1 Study Material\Semester - 6\Big data\Project\Big-Data-\FinancialData.log
2025-12-30 18:14:25,308 INFO: SP500 mode enabled — fetching S&P 500 symbols
2025-12-30 18:14:25,569 INFO: Loaded 503 symbols (sample: ['MMM', 'AOS', 'ABT', 'ABBV', 'ACN', 'ADBE'])
2025-12-30 18:14:25,569 INFO: Downloading chunk 1 (100 tickers)...
2025-12-30 18:14:25,580 INFO: Failed to create TzCache, reason: Error creating TzCache folder: 'C:\Users\Asus\AppData\Local\py-yfinance' reason: [WinError 183] Cannot create a file when that file already exists: 'C:\\Users\\Asus\\AppData\\Local\\py-yfinance'. TzCache will not be used. Tip: You can direct cache to use a different location with 'set_tz_cache_location(mylocation)'
2025-12-30 18:14:38,911 INFO: Downloading chunk 2 (100 tickers)...
2025-12-30 18:14:45,480 INFO: Downloading chunk 3 (100 tickers)...
2025-12-30 18:14:57,977 INFO: Downloading chunk 4 (100 tickers)...
2025-12-30 18:15:02,607 INFO: Downloading chunk 5 (100 tickers)...
2025-12-30 18:15:03,636 ERROR: HTTP Error 404: {"quoteSummary":{"result":null,"error":{"code":"Not Found","description":"Quote not found for symbol: WBA"}}}
2025-12-30 18:15:03,988 ERROR: $WBA: possibly delisted; no timezone found
2025-12-30 18:15:07,379 ERROR: 
1 Failed download:
2025-12-30 18:15:07,380 ERROR: ['WBA']: possibly delisted; no timezone found
2025-12-30 18:15:08,000 INFO: Downloading chunk 6 (3 tickers)...
2025-12-30 18:15:08,377 INFO: Download completed for 503 tickers in 42.808s
2025-12-30 18:15:08,380 INFO: Raw row counts (sample 10): {'MMM': 1258, 'AOS': 1258, 'ABT': 1258, 'ABBV': 1258, 'ACN': 1258, 'ADBE': 1258, 'AMD': 1258, 'AES': 1258, 'AFL': 1258, 'A': 1258}
2025-12-30 18:15:12,075 INFO: Processing (monthly stats for 2024) completed in 3.695s
2025-12-30 18:15:12,096 INFO: Aggregation completed in 0.021s; combined rows: 6036
2025-12-30 18:15:12,097 INFO: Total elapsed: 46.790s (download 42.808s, processing 3.695s, aggregation 0.021s)
2025-12-30 18:15:12,098 INFO: Counts - raw: 632774, rows_2024: 126756, aggregated: 6036
2025-12-30 18:15:12,146 INFO: Saved combined CSV to D:\1 Study Material\Semester - 6\Big data\Project\Big-Data-\combined_monthly_sp500_2024.csv
